mktextfm default
mktextfm default
mktextfm default
mktextfm default
mktextfm default
mktextfm default
mktextfm default
mktextfm default
mktextfm default
mktextfm sourceserifpro
mktextfm sourceserifpro
mktextfm sourceserifpro
mktextfm Arial
mktextfm Arial
mktextfm Arial
mktextfm accanthis
mktextfm accanthis
mktextfm accanthis
mktextfm Accanthis
mktextfm Accanthis
mktextfm Accanthis
mktextfm dayroman
mktextfm dayroman
mktextfm dayroman
mktextfm Palatino
mktextfm Palatino
mktextfm Palatino
mktextfm Accanthis
mktextfm Accanthis
mktextfm Accanthis
mktextfm sourcesanspro
mktextfm sourcesanspro
mktextfm sourcesanspro
mktextfm sourcesanspro
mktextfm sourcesanspro
mktextfm sourcesanspro
mktextfm default
mktextfm default
mktextfm default
